{"C:\\Users\\peres\\OneDrive\\Documents\\GitHub\\LAMP\\server.js": {"path":"C:\\Users\\peres\\OneDrive\\Documents\\GitHub\\LAMP\\server.js","statementMap":{"0":{"start":{"line":1,"column":0},"end":{"line":1,"column":27}},"1":{"start":{"line":2,"column":16},"end":{"line":2,"column":34}},"2":{"start":{"line":3,"column":17},"end":{"line":3,"column":36}},"3":{"start":{"line":4,"column":14},"end":{"line":4,"column":30}},"4":{"start":{"line":5,"column":12},"end":{"line":5,"column":26}},"5":{"start":{"line":6,"column":13},"end":{"line":6,"column":28}},"6":{"start":{"line":8,"column":21},"end":{"line":8,"column":45}},"7":{"start":{"line":9,"column":18},"end":{"line":9,"column":47}},"8":{"start":{"line":11,"column":12},"end":{"line":11,"column":21}},"9":{"start":{"line":13,"column":16},"end":{"line":13,"column":42}},"10":{"start":{"line":14,"column":19},"end":{"line":14,"column":43}},"11":{"start":{"line":17,"column":23},"end":{"line":27,"column":1}},"12":{"start":{"line":29,"column":20},"end":{"line":29,"column":48}},"13":{"start":{"line":30,"column":0},"end":{"line":30,"column":68}},"14":{"start":{"line":33,"column":0},"end":{"line":33,"column":30}},"15":{"start":{"line":34,"column":0},"end":{"line":34,"column":56}},"16":{"start":{"line":35,"column":0},"end":{"line":35,"column":48}},"17":{"start":{"line":38,"column":0},"end":{"line":44,"column":3}},"18":{"start":{"line":39,"column":2},"end":{"line":42,"column":5}},"19":{"start":{"line":40,"column":4},"end":{"line":40,"column":38}},"20":{"start":{"line":41,"column":4},"end":{"line":41,"column":43}},"21":{"start":{"line":43,"column":2},"end":{"line":43,"column":9}},"22":{"start":{"line":47,"column":14},"end":{"line":47,"column":76}},"23":{"start":{"line":48,"column":0},"end":{"line":48,"column":55}},"24":{"start":{"line":51,"column":0},"end":{"line":59,"column":2}},"25":{"start":{"line":61,"column":0},"end":{"line":61,"column":21}},"26":{"start":{"line":63,"column":0},"end":{"line":78,"column":5}},"27":{"start":{"line":66,"column":4},"end":{"line":66,"column":42}},"28":{"start":{"line":68,"column":4},"end":{"line":73,"column":5}},"29":{"start":{"line":69,"column":19},"end":{"line":69,"column":43}},"30":{"start":{"line":70,"column":6},"end":{"line":72,"column":9}},"31":{"start":{"line":71,"column":8},"end":{"line":71,"column":57}},"32":{"start":{"line":76,"column":4},"end":{"line":76,"column":66}},"33":{"start":{"line":77,"column":4},"end":{"line":77,"column":20}},"34":{"start":{"line":80,"column":0},"end":{"line":80,"column":21}},"35":{"start":{"line":83,"column":19},"end":{"line":83,"column":43}},"36":{"start":{"line":84,"column":0},"end":{"line":84,"column":30}},"37":{"start":{"line":87,"column":19},"end":{"line":87,"column":44}},"38":{"start":{"line":88,"column":0},"end":{"line":88,"column":30}},"39":{"start":{"line":91,"column":0},"end":{"line":97,"column":3}},"40":{"start":{"line":92,"column":2},"end":{"line":96,"column":3}},"41":{"start":{"line":93,"column":4},"end":{"line":93,"column":29}},"42":{"start":{"line":95,"column":4},"end":{"line":95,"column":33}},"43":{"start":{"line":101,"column":2},"end":{"line":126,"column":3}},"44":{"start":{"line":102,"column":21},"end":{"line":114,"column":5}},"45":{"start":{"line":115,"column":4},"end":{"line":118,"column":6}},"46":{"start":{"line":119,"column":4},"end":{"line":119,"column":38}},"47":{"start":{"line":121,"column":4},"end":{"line":124,"column":6}},"48":{"start":{"line":125,"column":4},"end":{"line":125,"column":16}},"49":{"start":{"line":129,"column":0},"end":{"line":154,"column":3}},"50":{"start":{"line":130,"column":2},"end":{"line":153,"column":3}},"51":{"start":{"line":131,"column":18},"end":{"line":131,"column":41}},"52":{"start":{"line":132,"column":4},"end":{"line":133,"column":76}},"53":{"start":{"line":133,"column":6},"end":{"line":133,"column":76}},"54":{"start":{"line":135,"column":21},"end":{"line":140,"column":5}},"55":{"start":{"line":142,"column":22},"end":{"line":147,"column":7}},"56":{"start":{"line":142,"column":65},"end":{"line":147,"column":5}},"57":{"start":{"line":149,"column":4},"end":{"line":149,"column":38}},"58":{"start":{"line":150,"column":4},"end":{"line":150,"column":77}},"59":{"start":{"line":152,"column":4},"end":{"line":152,"column":51}},"60":{"start":{"line":156,"column":0},"end":{"line":196,"column":3}},"61":{"start":{"line":157,"column":2},"end":{"line":195,"column":3}},"62":{"start":{"line":158,"column":18},"end":{"line":158,"column":41}},"63":{"start":{"line":159,"column":4},"end":{"line":159,"column":75}},"64":{"start":{"line":159,"column":16},"end":{"line":159,"column":75}},"65":{"start":{"line":162,"column":31},"end":{"line":168,"column":5}},"66":{"start":{"line":169,"column":27},"end":{"line":169,"column":63}},"67":{"start":{"line":170,"column":21},"end":{"line":170,"column":65}},"68":{"start":{"line":171,"column":26},"end":{"line":171,"column":50}},"69":{"start":{"line":174,"column":26},"end":{"line":174,"column":54}},"70":{"start":{"line":176,"column":6},"end":{"line":176,"column":69}},"71":{"start":{"line":177,"column":27},"end":{"line":183,"column":5}},"72":{"start":{"line":184,"column":25},"end":{"line":184,"column":57}},"73":{"start":{"line":186,"column":6},"end":{"line":186,"column":67}},"74":{"start":{"line":188,"column":4},"end":{"line":188,"column":75}},"75":{"start":{"line":190,"column":4},"end":{"line":193,"column":6}},"76":{"start":{"line":194,"column":4},"end":{"line":194,"column":50}},"77":{"start":{"line":199,"column":0},"end":{"line":222,"column":3}},"78":{"start":{"line":200,"column":18},"end":{"line":200,"column":31}},"79":{"start":{"line":201,"column":16},"end":{"line":201,"column":39}},"80":{"start":{"line":202,"column":2},"end":{"line":202,"column":73}},"81":{"start":{"line":202,"column":14},"end":{"line":202,"column":73}},"82":{"start":{"line":204,"column":2},"end":{"line":221,"column":3}},"83":{"start":{"line":205,"column":21},"end":{"line":211,"column":5}},"84":{"start":{"line":213,"column":18},"end":{"line":213,"column":31}},"85":{"start":{"line":214,"column":4},"end":{"line":214,"column":35}},"86":{"start":{"line":216,"column":4},"end":{"line":219,"column":6}},"87":{"start":{"line":220,"column":4},"end":{"line":220,"column":44}},"88":{"start":{"line":225,"column":20},"end":{"line":225,"column":21}},"89":{"start":{"line":227,"column":0},"end":{"line":265,"column":3}},"90":{"start":{"line":228,"column":2},"end":{"line":264,"column":3}},"91":{"start":{"line":229,"column":18},"end":{"line":229,"column":41}},"92":{"start":{"line":230,"column":19},"end":{"line":230,"column":50}},"93":{"start":{"line":233,"column":20},"end":{"line":233,"column":48}},"94":{"start":{"line":235,"column":18},"end":{"line":235,"column":36}},"95":{"start":{"line":243,"column":21},"end":{"line":248,"column":5}},"96":{"start":{"line":250,"column":19},"end":{"line":250,"column":45}},"97":{"start":{"line":252,"column":4},"end":{"line":254,"column":5}},"98":{"start":{"line":253,"column":6},"end":{"line":253,"column":30}},"99":{"start":{"line":256,"column":4},"end":{"line":260,"column":7}},"100":{"start":{"line":262,"column":4},"end":{"line":262,"column":60}},"101":{"start":{"line":263,"column":4},"end":{"line":263,"column":55}},"102":{"start":{"line":267,"column":0},"end":{"line":298,"column":3}},"103":{"start":{"line":269,"column":16},"end":{"line":276,"column":3}},"104":{"start":{"line":278,"column":22},"end":{"line":285,"column":3}},"105":{"start":{"line":287,"column":17},"end":{"line":291,"column":5}},"106":{"start":{"line":287,"column":59},"end":{"line":291,"column":3}},"107":{"start":{"line":293,"column":2},"end":{"line":297,"column":5}},"108":{"start":{"line":300,"column":0},"end":{"line":302,"column":3}},"109":{"start":{"line":301,"column":2},"end":{"line":301,"column":22}}},"fnMap":{"0":{"name":"(anonymous_0)","decl":{"start":{"line":38,"column":8},"end":{"line":38,"column":9}},"loc":{"start":{"line":38,"column":28},"end":{"line":44,"column":1}},"line":38},"1":{"name":"(anonymous_1)","decl":{"start":{"line":39,"column":24},"end":{"line":39,"column":25}},"loc":{"start":{"line":39,"column":30},"end":{"line":42,"column":3}},"line":39},"2":{"name":"(anonymous_2)","decl":{"start":{"line":65,"column":8},"end":{"line":65,"column":9}},"loc":{"start":{"line":65,"column":14},"end":{"line":74,"column":3}},"line":65},"3":{"name":"(anonymous_3)","decl":{"start":{"line":70,"column":23},"end":{"line":70,"column":24}},"loc":{"start":{"line":70,"column":29},"end":{"line":72,"column":7}},"line":70},"4":{"name":"(anonymous_4)","decl":{"start":{"line":75,"column":9},"end":{"line":75,"column":10}},"loc":{"start":{"line":75,"column":18},"end":{"line":78,"column":3}},"line":75},"5":{"name":"(anonymous_5)","decl":{"start":{"line":91,"column":13},"end":{"line":91,"column":14}},"loc":{"start":{"line":91,"column":27},"end":{"line":97,"column":1}},"line":91},"6":{"name":"getSpotifyToken","decl":{"start":{"line":100,"column":15},"end":{"line":100,"column":30}},"loc":{"start":{"line":100,"column":33},"end":{"line":127,"column":1}},"line":100},"7":{"name":"(anonymous_7)","decl":{"start":{"line":129,"column":28},"end":{"line":129,"column":29}},"loc":{"start":{"line":129,"column":48},"end":{"line":154,"column":1}},"line":129},"8":{"name":"(anonymous_8)","decl":{"start":{"line":142,"column":53},"end":{"line":142,"column":54}},"loc":{"start":{"line":142,"column":65},"end":{"line":147,"column":5}},"line":142},"9":{"name":"(anonymous_9)","decl":{"start":{"line":156,"column":17},"end":{"line":156,"column":18}},"loc":{"start":{"line":156,"column":37},"end":{"line":196,"column":1}},"line":156},"10":{"name":"(anonymous_10)","decl":{"start":{"line":199,"column":22},"end":{"line":199,"column":23}},"loc":{"start":{"line":199,"column":42},"end":{"line":222,"column":1}},"line":199},"11":{"name":"(anonymous_11)","decl":{"start":{"line":227,"column":20},"end":{"line":227,"column":21}},"loc":{"start":{"line":227,"column":40},"end":{"line":265,"column":1}},"line":227},"12":{"name":"(anonymous_12)","decl":{"start":{"line":267,"column":18},"end":{"line":267,"column":19}},"loc":{"start":{"line":267,"column":32},"end":{"line":298,"column":1}},"line":267},"13":{"name":"(anonymous_13)","decl":{"start":{"line":287,"column":48},"end":{"line":287,"column":49}},"loc":{"start":{"line":287,"column":59},"end":{"line":291,"column":3}},"line":287},"14":{"name":"(anonymous_14)","decl":{"start":{"line":300,"column":18},"end":{"line":300,"column":19}},"loc":{"start":{"line":300,"column":32},"end":{"line":302,"column":1}},"line":300}},"branchMap":{"0":{"loc":{"start":{"line":47,"column":14},"end":{"line":47,"column":76}},"type":"binary-expr","locations":[{"start":{"line":47,"column":14},"end":{"line":47,"column":35}},{"start":{"line":47,"column":39},"end":{"line":47,"column":76}}],"line":47},"1":{"loc":{"start":{"line":68,"column":4},"end":{"line":73,"column":5}},"type":"if","locations":[{"start":{"line":68,"column":4},"end":{"line":73,"column":5}},{"start":{},"end":{}}],"line":68},"2":{"loc":{"start":{"line":69,"column":19},"end":{"line":69,"column":43}},"type":"binary-expr","locations":[{"start":{"line":69,"column":19},"end":{"line":69,"column":35}},{"start":{"line":69,"column":39},"end":{"line":69,"column":43}}],"line":69},"3":{"loc":{"start":{"line":92,"column":2},"end":{"line":96,"column":3}},"type":"if","locations":[{"start":{"line":92,"column":2},"end":{"line":96,"column":3}},{"start":{"line":94,"column":9},"end":{"line":96,"column":3}}],"line":92},"4":{"loc":{"start":{"line":123,"column":6},"end":{"line":123,"column":43}},"type":"binary-expr","locations":[{"start":{"line":123,"column":6},"end":{"line":123,"column":26}},{"start":{"line":123,"column":30},"end":{"line":123,"column":43}}],"line":123},"5":{"loc":{"start":{"line":132,"column":4},"end":{"line":133,"column":76}},"type":"if","locations":[{"start":{"line":132,"column":4},"end":{"line":133,"column":76}},{"start":{},"end":{}}],"line":132},"6":{"loc":{"start":{"line":159,"column":4},"end":{"line":159,"column":75}},"type":"if","locations":[{"start":{"line":159,"column":4},"end":{"line":159,"column":75}},{"start":{},"end":{}}],"line":159},"7":{"loc":{"start":{"line":192,"column":6},"end":{"line":192,"column":43}},"type":"binary-expr","locations":[{"start":{"line":192,"column":6},"end":{"line":192,"column":26}},{"start":{"line":192,"column":30},"end":{"line":192,"column":43}}],"line":192},"8":{"loc":{"start":{"line":202,"column":2},"end":{"line":202,"column":73}},"type":"if","locations":[{"start":{"line":202,"column":2},"end":{"line":202,"column":73}},{"start":{},"end":{}}],"line":202},"9":{"loc":{"start":{"line":218,"column":6},"end":{"line":218,"column":43}},"type":"binary-expr","locations":[{"start":{"line":218,"column":6},"end":{"line":218,"column":26}},{"start":{"line":218,"column":30},"end":{"line":218,"column":43}}],"line":218},"10":{"loc":{"start":{"line":230,"column":19},"end":{"line":230,"column":50}},"type":"binary-expr","locations":[{"start":{"line":230,"column":19},"end":{"line":230,"column":45}},{"start":{"line":230,"column":49},"end":{"line":230,"column":50}}],"line":230},"11":{"loc":{"start":{"line":235,"column":18},"end":{"line":235,"column":36}},"type":"binary-expr","locations":[{"start":{"line":235,"column":18},"end":{"line":235,"column":29}},{"start":{"line":235,"column":33},"end":{"line":235,"column":36}}],"line":235},"12":{"loc":{"start":{"line":252,"column":4},"end":{"line":254,"column":5}},"type":"if","locations":[{"start":{"line":252,"column":4},"end":{"line":254,"column":5}},{"start":{},"end":{}}],"line":252},"13":{"loc":{"start":{"line":252,"column":8},"end":{"line":252,"column":54}},"type":"binary-expr","locations":[{"start":{"line":252,"column":8},"end":{"line":252,"column":15}},{"start":{"line":252,"column":19},"end":{"line":252,"column":54}}],"line":252}},"s":{"0":1,"1":1,"2":1,"3":1,"4":1,"5":1,"6":1,"7":1,"8":1,"9":1,"10":1,"11":1,"12":1,"13":1,"14":1,"15":1,"16":1,"17":1,"18":1,"19":0,"20":0,"21":1,"22":1,"23":1,"24":1,"25":1,"26":1,"27":0,"28":0,"29":0,"30":0,"31":0,"32":0,"33":0,"34":1,"35":1,"36":1,"37":1,"38":1,"39":1,"40":0,"41":0,"42":0,"43":0,"44":0,"45":0,"46":0,"47":0,"48":0,"49":1,"50":0,"51":0,"52":0,"53":0,"54":0,"55":0,"56":0,"57":0,"58":0,"59":0,"60":1,"61":0,"62":0,"63":0,"64":0,"65":0,"66":0,"67":0,"68":0,"69":0,"70":0,"71":0,"72":0,"73":0,"74":0,"75":0,"76":0,"77":1,"78":0,"79":0,"80":0,"81":0,"82":0,"83":0,"84":0,"85":0,"86":0,"87":0,"88":1,"89":1,"90":0,"91":0,"92":0,"93":0,"94":0,"95":0,"96":0,"97":0,"98":0,"99":0,"100":0,"101":0,"102":1,"103":0,"104":0,"105":0,"106":0,"107":0,"108":1,"109":0},"f":{"0":1,"1":0,"2":0,"3":0,"4":0,"5":0,"6":0,"7":0,"8":0,"9":0,"10":0,"11":0,"12":0,"13":0,"14":0},"b":{"0":[1,0],"1":[0,0],"2":[0,0],"3":[0,0],"4":[0,0],"5":[0,0],"6":[0,0],"7":[0,0],"8":[0,0],"9":[0,0],"10":[0,0],"11":[0,0],"12":[0,0],"13":[0,0]},"_coverageSchema":"1a1c01bbd47fc00a2c39e90264f33305004495a9","hash":"dd7cb83eeeb7a5144741103fee5e010d1fa01c0e"}
,"C:\\Users\\peres\\OneDrive\\Documents\\GitHub\\LAMP\\models\\User.js": {"path":"C:\\Users\\peres\\OneDrive\\Documents\\GitHub\\LAMP\\models\\User.js","statementMap":{"0":{"start":{"line":1,"column":17},"end":{"line":1,"column":36}},"1":{"start":{"line":2,"column":15},"end":{"line":2,"column":32}},"2":{"start":{"line":4,"column":19},"end":{"line":8,"column":2}},"3":{"start":{"line":11,"column":0},"end":{"line":15,"column":3}},"4":{"start":{"line":12,"column":2},"end":{"line":12,"column":50}},"5":{"start":{"line":12,"column":36},"end":{"line":12,"column":50}},"6":{"start":{"line":13,"column":2},"end":{"line":13,"column":55}},"7":{"start":{"line":14,"column":2},"end":{"line":14,"column":9}},"8":{"start":{"line":18,"column":0},"end":{"line":20,"column":2}},"9":{"start":{"line":19,"column":2},"end":{"line":19,"column":58}},"10":{"start":{"line":22,"column":13},"end":{"line":22,"column":47}},"11":{"start":{"line":23,"column":0},"end":{"line":23,"column":22}}},"fnMap":{"0":{"name":"(anonymous_0)","decl":{"start":{"line":11,"column":23},"end":{"line":11,"column":24}},"loc":{"start":{"line":11,"column":45},"end":{"line":15,"column":1}},"line":11},"1":{"name":"(anonymous_1)","decl":{"start":{"line":18,"column":37},"end":{"line":18,"column":38}},"loc":{"start":{"line":18,"column":66},"end":{"line":20,"column":1}},"line":18}},"branchMap":{"0":{"loc":{"start":{"line":12,"column":2},"end":{"line":12,"column":50}},"type":"if","locations":[{"start":{"line":12,"column":2},"end":{"line":12,"column":50}},{"start":{},"end":{}}],"line":12}},"s":{"0":2,"1":2,"2":2,"3":2,"4":1,"5":0,"6":1,"7":1,"8":2,"9":0,"10":2,"11":2},"f":{"0":1,"1":0},"b":{"0":[0,1]},"_coverageSchema":"1a1c01bbd47fc00a2c39e90264f33305004495a9","hash":"0bdfd9c6c000b524983d680d3fde4b47710f911b"}
,"C:\\Users\\peres\\OneDrive\\Documents\\GitHub\\LAMP\\routes\\auth.js": {"path":"C:\\Users\\peres\\OneDrive\\Documents\\GitHub\\LAMP\\routes\\auth.js","statementMap":{"0":{"start":{"line":1,"column":24},"end":{"line":1,"column":51}},"1":{"start":{"line":2,"column":14},"end":{"line":2,"column":30}},"2":{"start":{"line":3,"column":16},"end":{"line":3,"column":34}},"3":{"start":{"line":4,"column":15},"end":{"line":4,"column":31}},"4":{"start":{"line":5,"column":15},"end":{"line":5,"column":32}},"5":{"start":{"line":6,"column":13},"end":{"line":6,"column":38}},"6":{"start":{"line":12,"column":2},"end":{"line":19,"column":3}},"7":{"start":{"line":13,"column":4},"end":{"line":18,"column":6}},"8":{"start":{"line":21,"column":16},"end":{"line":21,"column":39}},"9":{"start":{"line":22,"column":19},"end":{"line":27,"column":3}},"10":{"start":{"line":28,"column":2},"end":{"line":31,"column":6}},"11":{"start":{"line":28,"column":52},"end":{"line":31,"column":3}},"12":{"start":{"line":36,"column":0},"end":{"line":39,"column":3}},"13":{"start":{"line":37,"column":17},"end":{"line":37,"column":43}},"14":{"start":{"line":38,"column":2},"end":{"line":38,"column":48}},"15":{"start":{"line":41,"column":0},"end":{"line":79,"column":3}},"16":{"start":{"line":42,"column":58},"end":{"line":42,"column":66}},"17":{"start":{"line":45,"column":2},"end":{"line":47,"column":3}},"18":{"start":{"line":46,"column":4},"end":{"line":46,"column":70}},"19":{"start":{"line":50,"column":2},"end":{"line":52,"column":3}},"20":{"start":{"line":51,"column":4},"end":{"line":51,"column":69}},"21":{"start":{"line":54,"column":23},"end":{"line":54,"column":77}},"22":{"start":{"line":55,"column":2},"end":{"line":57,"column":3}},"23":{"start":{"line":56,"column":4},"end":{"line":56,"column":79}},"24":{"start":{"line":59,"column":2},"end":{"line":78,"column":3}},"25":{"start":{"line":60,"column":20},"end":{"line":60,"column":59}},"26":{"start":{"line":61,"column":4},"end":{"line":61,"column":25}},"27":{"start":{"line":63,"column":4},"end":{"line":67,"column":6}},"28":{"start":{"line":72,"column":4},"end":{"line":72,"column":66}},"29":{"start":{"line":74,"column":4},"end":{"line":74,"column":57}},"30":{"start":{"line":75,"column":4},"end":{"line":77,"column":61}},"31":{"start":{"line":83,"column":0},"end":{"line":98,"column":3}},"32":{"start":{"line":84,"column":2},"end":{"line":97,"column":3}},"33":{"start":{"line":85,"column":18},"end":{"line":85,"column":41}},"34":{"start":{"line":86,"column":21},"end":{"line":91,"column":5}},"35":{"start":{"line":92,"column":19},"end":{"line":92,"column":45}},"36":{"start":{"line":93,"column":4},"end":{"line":93,"column":49}},"37":{"start":{"line":95,"column":4},"end":{"line":95,"column":71}},"38":{"start":{"line":96,"column":4},"end":{"line":96,"column":53}},"39":{"start":{"line":100,"column":0},"end":{"line":121,"column":3}},"40":{"start":{"line":101,"column":33},"end":{"line":101,"column":41}},"41":{"start":{"line":103,"column":15},"end":{"line":103,"column":47}},"42":{"start":{"line":104,"column":2},"end":{"line":107,"column":3}},"43":{"start":{"line":105,"column":19},"end":{"line":105,"column":45}},"44":{"start":{"line":106,"column":4},"end":{"line":106,"column":75}},"45":{"start":{"line":109,"column":18},"end":{"line":109,"column":63}},"46":{"start":{"line":110,"column":2},"end":{"line":113,"column":3}},"47":{"start":{"line":111,"column":19},"end":{"line":111,"column":45}},"48":{"start":{"line":112,"column":4},"end":{"line":112,"column":74}},"49":{"start":{"line":115,"column":2},"end":{"line":119,"column":4}},"50":{"start":{"line":120,"column":2},"end":{"line":120,"column":27}},"51":{"start":{"line":125,"column":0},"end":{"line":129,"column":3}},"52":{"start":{"line":126,"column":2},"end":{"line":128,"column":5}},"53":{"start":{"line":127,"column":4},"end":{"line":127,"column":33}},"54":{"start":{"line":131,"column":0},"end":{"line":131,"column":24}}},"fnMap":{"0":{"name":"getAlbumBackground","decl":{"start":{"line":10,"column":15},"end":{"line":10,"column":33}},"loc":{"start":{"line":10,"column":36},"end":{"line":32,"column":1}},"line":10},"1":{"name":"(anonymous_1)","decl":{"start":{"line":28,"column":40},"end":{"line":28,"column":41}},"loc":{"start":{"line":28,"column":52},"end":{"line":31,"column":3}},"line":28},"2":{"name":"(anonymous_2)","decl":{"start":{"line":36,"column":22},"end":{"line":36,"column":23}},"loc":{"start":{"line":36,"column":42},"end":{"line":39,"column":1}},"line":36},"3":{"name":"(anonymous_3)","decl":{"start":{"line":41,"column":23},"end":{"line":41,"column":24}},"loc":{"start":{"line":41,"column":43},"end":{"line":79,"column":1}},"line":41},"4":{"name":"(anonymous_4)","decl":{"start":{"line":83,"column":21},"end":{"line":83,"column":22}},"loc":{"start":{"line":83,"column":41},"end":{"line":98,"column":1}},"line":83},"5":{"name":"(anonymous_5)","decl":{"start":{"line":100,"column":22},"end":{"line":100,"column":23}},"loc":{"start":{"line":100,"column":42},"end":{"line":121,"column":1}},"line":100},"6":{"name":"(anonymous_6)","decl":{"start":{"line":125,"column":22},"end":{"line":125,"column":23}},"loc":{"start":{"line":125,"column":36},"end":{"line":129,"column":1}},"line":125},"7":{"name":"(anonymous_7)","decl":{"start":{"line":126,"column":22},"end":{"line":126,"column":23}},"loc":{"start":{"line":126,"column":28},"end":{"line":128,"column":3}},"line":126}},"branchMap":{"0":{"loc":{"start":{"line":12,"column":2},"end":{"line":19,"column":3}},"type":"if","locations":[{"start":{"line":12,"column":2},"end":{"line":19,"column":3}},{"start":{},"end":{}}],"line":12},"1":{"loc":{"start":{"line":45,"column":2},"end":{"line":47,"column":3}},"type":"if","locations":[{"start":{"line":45,"column":2},"end":{"line":47,"column":3}},{"start":{},"end":{}}],"line":45},"2":{"loc":{"start":{"line":45,"column":6},"end":{"line":45,"column":59}},"type":"binary-expr","locations":[{"start":{"line":45,"column":6},"end":{"line":45,"column":15}},{"start":{"line":45,"column":19},"end":{"line":45,"column":25}},{"start":{"line":45,"column":29},"end":{"line":45,"column":38}},{"start":{"line":45,"column":42},"end":{"line":45,"column":59}}],"line":45},"3":{"loc":{"start":{"line":50,"column":2},"end":{"line":52,"column":3}},"type":"if","locations":[{"start":{"line":50,"column":2},"end":{"line":52,"column":3}},{"start":{},"end":{}}],"line":50},"4":{"loc":{"start":{"line":55,"column":2},"end":{"line":57,"column":3}},"type":"if","locations":[{"start":{"line":55,"column":2},"end":{"line":57,"column":3}},{"start":{},"end":{}}],"line":55},"5":{"loc":{"start":{"line":104,"column":2},"end":{"line":107,"column":3}},"type":"if","locations":[{"start":{"line":104,"column":2},"end":{"line":107,"column":3}},{"start":{},"end":{}}],"line":104},"6":{"loc":{"start":{"line":110,"column":2},"end":{"line":113,"column":3}},"type":"if","locations":[{"start":{"line":110,"column":2},"end":{"line":113,"column":3}},{"start":{},"end":{}}],"line":110}},"s":{"0":1,"1":1,"2":1,"3":1,"4":1,"5":1,"6":0,"7":0,"8":0,"9":0,"10":0,"11":0,"12":1,"13":0,"14":0,"15":1,"16":1,"17":0,"18":0,"19":0,"20":0,"21":0,"22":0,"23":0,"24":0,"25":0,"26":0,"27":0,"28":0,"29":0,"30":0,"31":1,"32":0,"33":0,"34":0,"35":0,"36":0,"37":0,"38":0,"39":1,"40":0,"41":0,"42":0,"43":0,"44":0,"45":0,"46":0,"47":0,"48":0,"49":0,"50":0,"51":1,"52":0,"53":0,"54":1},"f":{"0":0,"1":0,"2":0,"3":1,"4":0,"5":0,"6":0,"7":0},"b":{"0":[0,0],"1":[0,0],"2":[0,0,0,0],"3":[0,0],"4":[0,0],"5":[0,0],"6":[0,0]},"_coverageSchema":"1a1c01bbd47fc00a2c39e90264f33305004495a9","hash":"cdb4afb8aab0ac7084a8bc950f9b1fabeb817c27"}
,"C:\\Users\\peres\\OneDrive\\Documents\\GitHub\\LAMP\\routes\\users.js": {"path":"C:\\Users\\peres\\OneDrive\\Documents\\GitHub\\LAMP\\routes\\users.js","statementMap":{"0":{"start":{"line":1,"column":16},"end":{"line":1,"column":34}},"1":{"start":{"line":2,"column":15},"end":{"line":2,"column":31}},"2":{"start":{"line":3,"column":14},"end":{"line":3,"column":30}},"3":{"start":{"line":4,"column":13},"end":{"line":4,"column":38}},"4":{"start":{"line":8,"column":19},"end":{"line":19,"column":3}},"5":{"start":{"line":20,"column":2},"end":{"line":20,"column":36}},"6":{"start":{"line":24,"column":0},"end":{"line":52,"column":3}},"7":{"start":{"line":25,"column":2},"end":{"line":51,"column":3}},"8":{"start":{"line":26,"column":18},"end":{"line":26,"column":41}},"9":{"start":{"line":27,"column":21},"end":{"line":34,"column":5}},"10":{"start":{"line":36,"column":19},"end":{"line":39,"column":7}},"11":{"start":{"line":36,"column":62},"end":{"line":39,"column":5}},"12":{"start":{"line":41,"column":4},"end":{"line":44,"column":7}},"13":{"start":{"line":46,"column":4},"end":{"line":46,"column":57}},"14":{"start":{"line":47,"column":4},"end":{"line":50,"column":7}},"15":{"start":{"line":56,"column":0},"end":{"line":92,"column":3}},"16":{"start":{"line":57,"column":33},"end":{"line":57,"column":41}},"17":{"start":{"line":59,"column":2},"end":{"line":91,"column":3}},"18":{"start":{"line":60,"column":17},"end":{"line":60,"column":49}},"19":{"start":{"line":61,"column":4},"end":{"line":77,"column":5}},"20":{"start":{"line":62,"column":20},"end":{"line":62,"column":43}},"21":{"start":{"line":63,"column":23},"end":{"line":68,"column":7}},"22":{"start":{"line":69,"column":21},"end":{"line":72,"column":9}},"23":{"start":{"line":69,"column":64},"end":{"line":72,"column":7}},"24":{"start":{"line":73,"column":6},"end":{"line":76,"column":9}},"25":{"start":{"line":80,"column":4},"end":{"line":84,"column":6}},"26":{"start":{"line":87,"column":4},"end":{"line":87,"column":29}},"27":{"start":{"line":89,"column":4},"end":{"line":89,"column":47}},"28":{"start":{"line":90,"column":4},"end":{"line":90,"column":54}},"29":{"start":{"line":95,"column":0},"end":{"line":97,"column":3}},"30":{"start":{"line":96,"column":2},"end":{"line":96,"column":23}},"31":{"start":{"line":100,"column":0},"end":{"line":124,"column":3}},"32":{"start":{"line":101,"column":58},"end":{"line":101,"column":66}},"33":{"start":{"line":103,"column":2},"end":{"line":105,"column":3}},"34":{"start":{"line":104,"column":4},"end":{"line":104,"column":61}},"35":{"start":{"line":107,"column":2},"end":{"line":123,"column":3}},"36":{"start":{"line":109,"column":25},"end":{"line":109,"column":57}},"37":{"start":{"line":110,"column":4},"end":{"line":112,"column":5}},"38":{"start":{"line":111,"column":6},"end":{"line":111,"column":63}},"39":{"start":{"line":115,"column":20},"end":{"line":115,"column":59}},"40":{"start":{"line":116,"column":4},"end":{"line":116,"column":25}},"41":{"start":{"line":119,"column":4},"end":{"line":119,"column":33}},"42":{"start":{"line":121,"column":4},"end":{"line":121,"column":48}},"43":{"start":{"line":122,"column":4},"end":{"line":122,"column":51}},"44":{"start":{"line":127,"column":0},"end":{"line":137,"column":3}},"45":{"start":{"line":128,"column":2},"end":{"line":128,"column":61}},"46":{"start":{"line":128,"column":25},"end":{"line":128,"column":61}},"47":{"start":{"line":130,"column":2},"end":{"line":136,"column":3}},"48":{"start":{"line":131,"column":17},"end":{"line":131,"column":58}},"49":{"start":{"line":132,"column":4},"end":{"line":132,"column":36}},"50":{"start":{"line":134,"column":4},"end":{"line":134,"column":57}},"51":{"start":{"line":135,"column":4},"end":{"line":135,"column":50}},"52":{"start":{"line":139,"column":0},"end":{"line":139,"column":24}}},"fnMap":{"0":{"name":"getSpotifyToken","decl":{"start":{"line":7,"column":15},"end":{"line":7,"column":30}},"loc":{"start":{"line":7,"column":33},"end":{"line":21,"column":1}},"line":7},"1":{"name":"(anonymous_1)","decl":{"start":{"line":24,"column":21},"end":{"line":24,"column":22}},"loc":{"start":{"line":24,"column":41},"end":{"line":52,"column":1}},"line":24},"2":{"name":"(anonymous_2)","decl":{"start":{"line":36,"column":50},"end":{"line":36,"column":51}},"loc":{"start":{"line":36,"column":62},"end":{"line":39,"column":5}},"line":36},"3":{"name":"(anonymous_3)","decl":{"start":{"line":56,"column":22},"end":{"line":56,"column":23}},"loc":{"start":{"line":56,"column":42},"end":{"line":92,"column":1}},"line":56},"4":{"name":"(anonymous_4)","decl":{"start":{"line":69,"column":52},"end":{"line":69,"column":53}},"loc":{"start":{"line":69,"column":64},"end":{"line":72,"column":7}},"line":69},"5":{"name":"(anonymous_5)","decl":{"start":{"line":95,"column":22},"end":{"line":95,"column":23}},"loc":{"start":{"line":95,"column":36},"end":{"line":97,"column":1}},"line":95},"6":{"name":"(anonymous_6)","decl":{"start":{"line":100,"column":23},"end":{"line":100,"column":24}},"loc":{"start":{"line":100,"column":43},"end":{"line":124,"column":1}},"line":100},"7":{"name":"(anonymous_7)","decl":{"start":{"line":127,"column":23},"end":{"line":127,"column":24}},"loc":{"start":{"line":127,"column":43},"end":{"line":137,"column":1}},"line":127}},"branchMap":{"0":{"loc":{"start":{"line":61,"column":4},"end":{"line":77,"column":5}},"type":"if","locations":[{"start":{"line":61,"column":4},"end":{"line":77,"column":5}},{"start":{},"end":{}}],"line":61},"1":{"loc":{"start":{"line":61,"column":8},"end":{"line":61,"column":56}},"type":"binary-expr","locations":[{"start":{"line":61,"column":8},"end":{"line":61,"column":13}},{"start":{"line":61,"column":17},"end":{"line":61,"column":56}}],"line":61},"2":{"loc":{"start":{"line":103,"column":2},"end":{"line":105,"column":3}},"type":"if","locations":[{"start":{"line":103,"column":2},"end":{"line":105,"column":3}},{"start":{},"end":{}}],"line":103},"3":{"loc":{"start":{"line":110,"column":4},"end":{"line":112,"column":5}},"type":"if","locations":[{"start":{"line":110,"column":4},"end":{"line":112,"column":5}},{"start":{},"end":{}}],"line":110},"4":{"loc":{"start":{"line":128,"column":2},"end":{"line":128,"column":61}},"type":"if","locations":[{"start":{"line":128,"column":2},"end":{"line":128,"column":61}},{"start":{},"end":{}}],"line":128}},"s":{"0":1,"1":1,"2":1,"3":1,"4":0,"5":0,"6":1,"7":0,"8":0,"9":0,"10":0,"11":0,"12":0,"13":0,"14":0,"15":1,"16":0,"17":0,"18":0,"19":0,"20":0,"21":0,"22":0,"23":0,"24":0,"25":0,"26":0,"27":0,"28":0,"29":1,"30":0,"31":1,"32":0,"33":0,"34":0,"35":0,"36":0,"37":0,"38":0,"39":0,"40":0,"41":0,"42":0,"43":0,"44":1,"45":0,"46":0,"47":0,"48":0,"49":0,"50":0,"51":0,"52":1},"f":{"0":0,"1":0,"2":0,"3":0,"4":0,"5":0,"6":0,"7":0},"b":{"0":[0,0],"1":[0,0],"2":[0,0],"3":[0,0],"4":[0,0]},"_coverageSchema":"1a1c01bbd47fc00a2c39e90264f33305004495a9","hash":"89090d880201cfbd056cfdb5acdbbc6835c66987"}
,"C:\\Users\\peres\\OneDrive\\Documents\\GitHub\\LAMP\\utils\\spotify.js": {"path":"C:\\Users\\peres\\OneDrive\\Documents\\GitHub\\LAMP\\utils\\spotify.js","statementMap":{"0":{"start":{"line":2,"column":14},"end":{"line":2,"column":30}},"1":{"start":{"line":5,"column":2},"end":{"line":23,"column":3}},"2":{"start":{"line":6,"column":21},"end":{"line":18,"column":5}},"3":{"start":{"line":19,"column":4},"end":{"line":19,"column":38}},"4":{"start":{"line":21,"column":4},"end":{"line":21,"column":59}},"5":{"start":{"line":22,"column":4},"end":{"line":22,"column":16}},"6":{"start":{"line":26,"column":0},"end":{"line":26,"column":33}}},"fnMap":{"0":{"name":"getSpotifyToken","decl":{"start":{"line":4,"column":15},"end":{"line":4,"column":30}},"loc":{"start":{"line":4,"column":33},"end":{"line":24,"column":1}},"line":4}},"branchMap":{},"s":{"0":1,"1":0,"2":0,"3":0,"4":0,"5":0,"6":1},"f":{"0":0},"b":{},"_coverageSchema":"1a1c01bbd47fc00a2c39e90264f33305004495a9","hash":"6b34c0e8454e17ae6adae5b6dc23886f0da04511"}
}
