{"C:\\Users\\peres\\OneDrive\\Documents\\GitHub\\LAMP\\app.js": {"path":"C:\\Users\\peres\\OneDrive\\Documents\\GitHub\\LAMP\\app.js","statementMap":{"0":{"start":{"line":2,"column":0},"end":{"line":2,"column":27}},"1":{"start":{"line":3,"column":16},"end":{"line":3,"column":34}},"2":{"start":{"line":4,"column":17},"end":{"line":4,"column":36}},"3":{"start":{"line":5,"column":16},"end":{"line":5,"column":42}},"4":{"start":{"line":6,"column":19},"end":{"line":6,"column":43}},"5":{"start":{"line":7,"column":13},"end":{"line":7,"column":28}},"6":{"start":{"line":8,"column":14},"end":{"line":8,"column":30}},"7":{"start":{"line":9,"column":21},"end":{"line":9,"column":45}},"8":{"start":{"line":10,"column":18},"end":{"line":10,"column":47}},"9":{"start":{"line":12,"column":12},"end":{"line":12,"column":21}},"10":{"start":{"line":15,"column":0},"end":{"line":15,"column":30}},"11":{"start":{"line":16,"column":0},"end":{"line":16,"column":56}},"12":{"start":{"line":17,"column":0},"end":{"line":17,"column":48}},"13":{"start":{"line":18,"column":0},"end":{"line":18,"column":24}},"14":{"start":{"line":19,"column":0},"end":{"line":22,"column":3}},"15":{"start":{"line":20,"column":2},"end":{"line":20,"column":70}},"16":{"start":{"line":20,"column":30},"end":{"line":20,"column":68}},"17":{"start":{"line":21,"column":2},"end":{"line":21,"column":9}},"18":{"start":{"line":25,"column":23},"end":{"line":35,"column":1}},"19":{"start":{"line":36,"column":20},"end":{"line":36,"column":48}},"20":{"start":{"line":37,"column":0},"end":{"line":37,"column":68}},"21":{"start":{"line":42,"column":4},"end":{"line":44,"column":29}},"22":{"start":{"line":46,"column":2},"end":{"line":46,"column":32}},"23":{"start":{"line":47,"column":2},"end":{"line":47,"column":62}},"24":{"start":{"line":49,"column":17},"end":{"line":49,"column":48}},"25":{"start":{"line":51,"column":2},"end":{"line":51,"column":51}},"26":{"start":{"line":52,"column":2},"end":{"line":52,"column":62}},"27":{"start":{"line":54,"column":2},"end":{"line":62,"column":4}},"28":{"start":{"line":65,"column":21},"end":{"line":65,"column":45}},"29":{"start":{"line":66,"column":21},"end":{"line":66,"column":46}},"30":{"start":{"line":67,"column":2},"end":{"line":67,"column":32}},"31":{"start":{"line":68,"column":2},"end":{"line":68,"column":32}},"32":{"start":{"line":70,"column":2},"end":{"line":72,"column":5}},"33":{"start":{"line":71,"column":4},"end":{"line":71,"column":79}},"34":{"start":{"line":74,"column":2},"end":{"line":74,"column":55}},"35":{"start":{"line":74,"column":34},"end":{"line":74,"column":53}},"36":{"start":{"line":76,"column":2},"end":{"line":102,"column":5}},"37":{"start":{"line":77,"column":18},"end":{"line":84,"column":5}},"38":{"start":{"line":86,"column":24},"end":{"line":93,"column":5}},"39":{"start":{"line":95,"column":19},"end":{"line":99,"column":7}},"40":{"start":{"line":95,"column":61},"end":{"line":99,"column":5}},"41":{"start":{"line":101,"column":4},"end":{"line":101,"column":56}},"42":{"start":{"line":104,"column":2},"end":{"line":129,"column":5}},"43":{"start":{"line":105,"column":4},"end":{"line":128,"column":5}},"44":{"start":{"line":106,"column":20},"end":{"line":106,"column":43}},"45":{"start":{"line":107,"column":6},"end":{"line":108,"column":78}},"46":{"start":{"line":108,"column":8},"end":{"line":108,"column":78}},"47":{"start":{"line":110,"column":23},"end":{"line":115,"column":7}},"48":{"start":{"line":117,"column":24},"end":{"line":122,"column":9}},"49":{"start":{"line":117,"column":67},"end":{"line":122,"column":7}},"50":{"start":{"line":124,"column":6},"end":{"line":124,"column":40}},"51":{"start":{"line":125,"column":6},"end":{"line":125,"column":79}},"52":{"start":{"line":127,"column":6},"end":{"line":127,"column":53}},"53":{"start":{"line":131,"column":2},"end":{"line":162,"column":5}},"54":{"start":{"line":132,"column":4},"end":{"line":161,"column":5}},"55":{"start":{"line":133,"column":20},"end":{"line":133,"column":43}},"56":{"start":{"line":134,"column":6},"end":{"line":134,"column":77}},"57":{"start":{"line":134,"column":18},"end":{"line":134,"column":77}},"58":{"start":{"line":136,"column":33},"end":{"line":139,"column":7}},"59":{"start":{"line":140,"column":21},"end":{"line":140,"column":57}},"60":{"start":{"line":141,"column":28},"end":{"line":141,"column":72}},"61":{"start":{"line":143,"column":25},"end":{"line":145,"column":7}},"62":{"start":{"line":146,"column":29},"end":{"line":149,"column":7}},"63":{"start":{"line":150,"column":27},"end":{"line":150,"column":59}},"64":{"start":{"line":152,"column":8},"end":{"line":152,"column":69}},"65":{"start":{"line":154,"column":6},"end":{"line":154,"column":64}},"66":{"start":{"line":156,"column":6},"end":{"line":159,"column":8}},"67":{"start":{"line":160,"column":6},"end":{"line":160,"column":52}},"68":{"start":{"line":164,"column":2},"end":{"line":190,"column":5}},"69":{"start":{"line":165,"column":4},"end":{"line":189,"column":5}},"70":{"start":{"line":166,"column":20},"end":{"line":166,"column":43}},"71":{"start":{"line":167,"column":21},"end":{"line":167,"column":52}},"72":{"start":{"line":168,"column":20},"end":{"line":168,"column":38}},"73":{"start":{"line":170,"column":23},"end":{"line":173,"column":7}},"74":{"start":{"line":175,"column":21},"end":{"line":175,"column":47}},"75":{"start":{"line":177,"column":6},"end":{"line":179,"column":7}},"76":{"start":{"line":178,"column":8},"end":{"line":178,"column":32}},"77":{"start":{"line":181,"column":6},"end":{"line":185,"column":9}},"78":{"start":{"line":187,"column":6},"end":{"line":187,"column":62}},"79":{"start":{"line":188,"column":6},"end":{"line":188,"column":57}},"80":{"start":{"line":192,"column":2},"end":{"line":209,"column":5}},"81":{"start":{"line":193,"column":18},"end":{"line":193,"column":41}},"82":{"start":{"line":194,"column":4},"end":{"line":194,"column":75}},"83":{"start":{"line":194,"column":16},"end":{"line":194,"column":75}},"84":{"start":{"line":196,"column":4},"end":{"line":208,"column":5}},"85":{"start":{"line":197,"column":23},"end":{"line":200,"column":7}},"86":{"start":{"line":201,"column":6},"end":{"line":201,"column":52}},"87":{"start":{"line":203,"column":6},"end":{"line":206,"column":8}},"88":{"start":{"line":207,"column":6},"end":{"line":207,"column":46}},"89":{"start":{"line":214,"column":2},"end":{"line":239,"column":3}},"90":{"start":{"line":215,"column":21},"end":{"line":227,"column":5}},"91":{"start":{"line":228,"column":4},"end":{"line":231,"column":6}},"92":{"start":{"line":232,"column":4},"end":{"line":232,"column":38}},"93":{"start":{"line":234,"column":4},"end":{"line":237,"column":6}},"94":{"start":{"line":238,"column":4},"end":{"line":238,"column":16}},"95":{"start":{"line":242,"column":0},"end":{"line":242,"column":35}}},"fnMap":{"0":{"name":"(anonymous_0)","decl":{"start":{"line":19,"column":8},"end":{"line":19,"column":9}},"loc":{"start":{"line":19,"column":28},"end":{"line":22,"column":1}},"line":19},"1":{"name":"(anonymous_1)","decl":{"start":{"line":20,"column":24},"end":{"line":20,"column":25}},"loc":{"start":{"line":20,"column":30},"end":{"line":20,"column":68}},"line":20},"2":{"name":"setupApp","decl":{"start":{"line":40,"column":15},"end":{"line":40,"column":23}},"loc":{"start":{"line":40,"column":26},"end":{"line":210,"column":1}},"line":40},"3":{"name":"(anonymous_3)","decl":{"start":{"line":70,"column":15},"end":{"line":70,"column":16}},"loc":{"start":{"line":70,"column":29},"end":{"line":72,"column":3}},"line":70},"4":{"name":"(anonymous_4)","decl":{"start":{"line":74,"column":20},"end":{"line":74,"column":21}},"loc":{"start":{"line":74,"column":34},"end":{"line":74,"column":53}},"line":74},"5":{"name":"(anonymous_5)","decl":{"start":{"line":76,"column":20},"end":{"line":76,"column":21}},"loc":{"start":{"line":76,"column":34},"end":{"line":102,"column":3}},"line":76},"6":{"name":"(anonymous_6)","decl":{"start":{"line":95,"column":50},"end":{"line":95,"column":51}},"loc":{"start":{"line":95,"column":61},"end":{"line":99,"column":5}},"line":95},"7":{"name":"(anonymous_7)","decl":{"start":{"line":104,"column":30},"end":{"line":104,"column":31}},"loc":{"start":{"line":104,"column":50},"end":{"line":129,"column":3}},"line":104},"8":{"name":"(anonymous_8)","decl":{"start":{"line":117,"column":55},"end":{"line":117,"column":56}},"loc":{"start":{"line":117,"column":67},"end":{"line":122,"column":7}},"line":117},"9":{"name":"(anonymous_9)","decl":{"start":{"line":131,"column":19},"end":{"line":131,"column":20}},"loc":{"start":{"line":131,"column":39},"end":{"line":162,"column":3}},"line":131},"10":{"name":"(anonymous_10)","decl":{"start":{"line":164,"column":22},"end":{"line":164,"column":23}},"loc":{"start":{"line":164,"column":42},"end":{"line":190,"column":3}},"line":164},"11":{"name":"(anonymous_11)","decl":{"start":{"line":192,"column":24},"end":{"line":192,"column":25}},"loc":{"start":{"line":192,"column":44},"end":{"line":209,"column":3}},"line":192},"12":{"name":"getSpotifyToken","decl":{"start":{"line":213,"column":15},"end":{"line":213,"column":30}},"loc":{"start":{"line":213,"column":33},"end":{"line":240,"column":1}},"line":213}},"branchMap":{"0":{"loc":{"start":{"line":42,"column":4},"end":{"line":44,"column":29}},"type":"cond-expr","locations":[{"start":{"line":43,"column":8},"end":{"line":43,"column":34}},{"start":{"line":44,"column":8},"end":{"line":44,"column":29}}],"line":42},"1":{"loc":{"start":{"line":71,"column":4},"end":{"line":71,"column":78}},"type":"cond-expr","locations":[{"start":{"line":71,"column":23},"end":{"line":71,"column":47}},{"start":{"line":71,"column":50},"end":{"line":71,"column":78}}],"line":71},"2":{"loc":{"start":{"line":107,"column":6},"end":{"line":108,"column":78}},"type":"if","locations":[{"start":{"line":107,"column":6},"end":{"line":108,"column":78}},{"start":{},"end":{}}],"line":107},"3":{"loc":{"start":{"line":134,"column":6},"end":{"line":134,"column":77}},"type":"if","locations":[{"start":{"line":134,"column":6},"end":{"line":134,"column":77}},{"start":{},"end":{}}],"line":134},"4":{"loc":{"start":{"line":158,"column":8},"end":{"line":158,"column":45}},"type":"binary-expr","locations":[{"start":{"line":158,"column":8},"end":{"line":158,"column":28}},{"start":{"line":158,"column":32},"end":{"line":158,"column":45}}],"line":158},"5":{"loc":{"start":{"line":167,"column":21},"end":{"line":167,"column":52}},"type":"binary-expr","locations":[{"start":{"line":167,"column":21},"end":{"line":167,"column":47}},{"start":{"line":167,"column":51},"end":{"line":167,"column":52}}],"line":167},"6":{"loc":{"start":{"line":168,"column":20},"end":{"line":168,"column":38}},"type":"binary-expr","locations":[{"start":{"line":168,"column":20},"end":{"line":168,"column":31}},{"start":{"line":168,"column":35},"end":{"line":168,"column":38}}],"line":168},"7":{"loc":{"start":{"line":177,"column":6},"end":{"line":179,"column":7}},"type":"if","locations":[{"start":{"line":177,"column":6},"end":{"line":179,"column":7}},{"start":{},"end":{}}],"line":177},"8":{"loc":{"start":{"line":177,"column":10},"end":{"line":177,"column":56}},"type":"binary-expr","locations":[{"start":{"line":177,"column":10},"end":{"line":177,"column":17}},{"start":{"line":177,"column":21},"end":{"line":177,"column":56}}],"line":177},"9":{"loc":{"start":{"line":194,"column":4},"end":{"line":194,"column":75}},"type":"if","locations":[{"start":{"line":194,"column":4},"end":{"line":194,"column":75}},{"start":{},"end":{}}],"line":194},"10":{"loc":{"start":{"line":205,"column":8},"end":{"line":205,"column":45}},"type":"binary-expr","locations":[{"start":{"line":205,"column":8},"end":{"line":205,"column":28}},{"start":{"line":205,"column":32},"end":{"line":205,"column":45}}],"line":205},"11":{"loc":{"start":{"line":236,"column":6},"end":{"line":236,"column":43}},"type":"binary-expr","locations":[{"start":{"line":236,"column":6},"end":{"line":236,"column":26}},{"start":{"line":236,"column":30},"end":{"line":236,"column":43}}],"line":236}},"s":{"0":2,"1":2,"2":2,"3":2,"4":2,"5":2,"6":2,"7":2,"8":2,"9":2,"10":2,"11":2,"12":2,"13":2,"14":2,"15":15,"16":0,"17":15,"18":2,"19":2,"20":2,"21":2,"22":2,"23":2,"24":2,"25":2,"26":2,"27":2,"28":2,"29":2,"30":2,"31":2,"32":2,"33":0,"34":2,"35":0,"36":2,"37":0,"38":0,"39":0,"40":0,"41":0,"42":2,"43":0,"44":0,"45":0,"46":0,"47":0,"48":0,"49":0,"50":0,"51":0,"52":0,"53":2,"54":0,"55":0,"56":0,"57":0,"58":0,"59":0,"60":0,"61":0,"62":0,"63":0,"64":0,"65":0,"66":0,"67":0,"68":2,"69":0,"70":0,"71":0,"72":0,"73":0,"74":0,"75":0,"76":0,"77":0,"78":0,"79":0,"80":2,"81":0,"82":0,"83":0,"84":0,"85":0,"86":0,"87":0,"88":0,"89":0,"90":0,"91":0,"92":0,"93":0,"94":0,"95":2},"f":{"0":15,"1":0,"2":2,"3":0,"4":0,"5":0,"6":0,"7":0,"8":0,"9":0,"10":0,"11":0,"12":0},"b":{"0":[2,0],"1":[0,0],"2":[0,0],"3":[0,0],"4":[0,0],"5":[0,0],"6":[0,0],"7":[0,0],"8":[0,0],"9":[0,0],"10":[0,0],"11":[0,0]},"_coverageSchema":"1a1c01bbd47fc00a2c39e90264f33305004495a9","hash":"a5d0745c492becb73d8251cb9a19d37f71c37c6e"}
,"C:\\Users\\peres\\OneDrive\\Documents\\GitHub\\LAMP\\models\\User.js": {"path":"C:\\Users\\peres\\OneDrive\\Documents\\GitHub\\LAMP\\models\\User.js","statementMap":{"0":{"start":{"line":1,"column":17},"end":{"line":1,"column":36}},"1":{"start":{"line":2,"column":15},"end":{"line":2,"column":32}},"2":{"start":{"line":4,"column":19},"end":{"line":8,"column":2}},"3":{"start":{"line":11,"column":0},"end":{"line":15,"column":3}},"4":{"start":{"line":12,"column":2},"end":{"line":12,"column":50}},"5":{"start":{"line":12,"column":36},"end":{"line":12,"column":50}},"6":{"start":{"line":13,"column":2},"end":{"line":13,"column":55}},"7":{"start":{"line":14,"column":2},"end":{"line":14,"column":9}},"8":{"start":{"line":18,"column":0},"end":{"line":20,"column":2}},"9":{"start":{"line":19,"column":2},"end":{"line":19,"column":58}},"10":{"start":{"line":22,"column":13},"end":{"line":22,"column":47}},"11":{"start":{"line":23,"column":0},"end":{"line":23,"column":22}}},"fnMap":{"0":{"name":"(anonymous_0)","decl":{"start":{"line":11,"column":23},"end":{"line":11,"column":24}},"loc":{"start":{"line":11,"column":45},"end":{"line":15,"column":1}},"line":11},"1":{"name":"(anonymous_1)","decl":{"start":{"line":18,"column":37},"end":{"line":18,"column":38}},"loc":{"start":{"line":18,"column":66},"end":{"line":20,"column":1}},"line":18}},"branchMap":{"0":{"loc":{"start":{"line":12,"column":2},"end":{"line":12,"column":50}},"type":"if","locations":[{"start":{"line":12,"column":2},"end":{"line":12,"column":50}},{"start":{},"end":{}}],"line":12}},"s":{"0":3,"1":3,"2":3,"3":3,"4":7,"5":0,"6":7,"7":7,"8":3,"9":0,"10":3,"11":3},"f":{"0":7,"1":0},"b":{"0":[0,7]},"_coverageSchema":"1a1c01bbd47fc00a2c39e90264f33305004495a9","hash":"0bdfd9c6c000b524983d680d3fde4b47710f911b"}
,"C:\\Users\\peres\\OneDrive\\Documents\\GitHub\\LAMP\\routes\\auth.js": {"path":"C:\\Users\\peres\\OneDrive\\Documents\\GitHub\\LAMP\\routes\\auth.js","statementMap":{"0":{"start":{"line":1,"column":0},"end":{"line":1,"column":49}},"1":{"start":{"line":2,"column":24},"end":{"line":2,"column":51}},"2":{"start":{"line":3,"column":14},"end":{"line":3,"column":30}},"3":{"start":{"line":4,"column":16},"end":{"line":4,"column":34}},"4":{"start":{"line":5,"column":15},"end":{"line":5,"column":31}},"5":{"start":{"line":6,"column":15},"end":{"line":6,"column":32}},"6":{"start":{"line":7,"column":13},"end":{"line":7,"column":38}},"7":{"start":{"line":12,"column":2},"end":{"line":20,"column":3}},"8":{"start":{"line":13,"column":4},"end":{"line":13,"column":43}},"9":{"start":{"line":14,"column":4},"end":{"line":19,"column":6}},"10":{"start":{"line":22,"column":16},"end":{"line":22,"column":39}},"11":{"start":{"line":23,"column":19},"end":{"line":28,"column":3}},"12":{"start":{"line":29,"column":2},"end":{"line":32,"column":6}},"13":{"start":{"line":29,"column":52},"end":{"line":32,"column":3}},"14":{"start":{"line":48,"column":0},"end":{"line":51,"column":3}},"15":{"start":{"line":49,"column":17},"end":{"line":49,"column":43}},"16":{"start":{"line":50,"column":2},"end":{"line":50,"column":48}},"17":{"start":{"line":82,"column":0},"end":{"line":130,"column":3}},"18":{"start":{"line":83,"column":2},"end":{"line":129,"column":3}},"19":{"start":{"line":84,"column":60},"end":{"line":84,"column":68}},"20":{"start":{"line":85,"column":4},"end":{"line":85,"column":47}},"21":{"start":{"line":87,"column":4},"end":{"line":95,"column":5}},"22":{"start":{"line":93,"column":6},"end":{"line":93,"column":47}},"23":{"start":{"line":94,"column":6},"end":{"line":94,"column":72}},"24":{"start":{"line":97,"column":4},"end":{"line":103,"column":5}},"25":{"start":{"line":98,"column":21},"end":{"line":98,"column":47}},"26":{"start":{"line":99,"column":6},"end":{"line":102,"column":9}},"27":{"start":{"line":105,"column":25},"end":{"line":105,"column":79}},"28":{"start":{"line":106,"column":4},"end":{"line":110,"column":5}},"29":{"start":{"line":107,"column":6},"end":{"line":109,"column":61}},"30":{"start":{"line":112,"column":20},"end":{"line":112,"column":59}},"31":{"start":{"line":113,"column":4},"end":{"line":113,"column":25}},"32":{"start":{"line":115,"column":4},"end":{"line":121,"column":5}},"33":{"start":{"line":116,"column":6},"end":{"line":120,"column":8}},"34":{"start":{"line":123,"column":4},"end":{"line":123,"column":40}},"35":{"start":{"line":125,"column":4},"end":{"line":125,"column":61}},"36":{"start":{"line":126,"column":4},"end":{"line":128,"column":61}},"37":{"start":{"line":143,"column":0},"end":{"line":158,"column":3}},"38":{"start":{"line":144,"column":2},"end":{"line":157,"column":3}},"39":{"start":{"line":145,"column":18},"end":{"line":145,"column":41}},"40":{"start":{"line":146,"column":21},"end":{"line":151,"column":5}},"41":{"start":{"line":152,"column":19},"end":{"line":152,"column":45}},"42":{"start":{"line":153,"column":4},"end":{"line":153,"column":49}},"43":{"start":{"line":155,"column":4},"end":{"line":155,"column":71}},"44":{"start":{"line":156,"column":4},"end":{"line":156,"column":53}},"45":{"start":{"line":185,"column":0},"end":{"line":206,"column":3}},"46":{"start":{"line":186,"column":33},"end":{"line":186,"column":41}},"47":{"start":{"line":188,"column":15},"end":{"line":188,"column":47}},"48":{"start":{"line":189,"column":2},"end":{"line":192,"column":3}},"49":{"start":{"line":190,"column":19},"end":{"line":190,"column":45}},"50":{"start":{"line":191,"column":4},"end":{"line":191,"column":75}},"51":{"start":{"line":194,"column":18},"end":{"line":194,"column":63}},"52":{"start":{"line":195,"column":2},"end":{"line":198,"column":3}},"53":{"start":{"line":196,"column":19},"end":{"line":196,"column":45}},"54":{"start":{"line":197,"column":4},"end":{"line":197,"column":74}},"55":{"start":{"line":200,"column":2},"end":{"line":204,"column":4}},"56":{"start":{"line":205,"column":2},"end":{"line":205,"column":27}},"57":{"start":{"line":210,"column":0},"end":{"line":214,"column":3}},"58":{"start":{"line":211,"column":2},"end":{"line":213,"column":5}},"59":{"start":{"line":212,"column":4},"end":{"line":212,"column":33}},"60":{"start":{"line":216,"column":0},"end":{"line":216,"column":24}}},"fnMap":{"0":{"name":"getAlbumBackground","decl":{"start":{"line":11,"column":15},"end":{"line":11,"column":33}},"loc":{"start":{"line":11,"column":36},"end":{"line":33,"column":1}},"line":11},"1":{"name":"(anonymous_1)","decl":{"start":{"line":29,"column":40},"end":{"line":29,"column":41}},"loc":{"start":{"line":29,"column":52},"end":{"line":32,"column":3}},"line":29},"2":{"name":"(anonymous_2)","decl":{"start":{"line":48,"column":22},"end":{"line":48,"column":23}},"loc":{"start":{"line":48,"column":42},"end":{"line":51,"column":1}},"line":48},"3":{"name":"(anonymous_3)","decl":{"start":{"line":82,"column":23},"end":{"line":82,"column":24}},"loc":{"start":{"line":82,"column":43},"end":{"line":130,"column":1}},"line":82},"4":{"name":"(anonymous_4)","decl":{"start":{"line":143,"column":21},"end":{"line":143,"column":22}},"loc":{"start":{"line":143,"column":41},"end":{"line":158,"column":1}},"line":143},"5":{"name":"(anonymous_5)","decl":{"start":{"line":185,"column":22},"end":{"line":185,"column":23}},"loc":{"start":{"line":185,"column":42},"end":{"line":206,"column":1}},"line":185},"6":{"name":"(anonymous_6)","decl":{"start":{"line":210,"column":22},"end":{"line":210,"column":23}},"loc":{"start":{"line":210,"column":36},"end":{"line":214,"column":1}},"line":210},"7":{"name":"(anonymous_7)","decl":{"start":{"line":211,"column":22},"end":{"line":211,"column":23}},"loc":{"start":{"line":211,"column":28},"end":{"line":213,"column":3}},"line":211}},"branchMap":{"0":{"loc":{"start":{"line":12,"column":2},"end":{"line":20,"column":3}},"type":"if","locations":[{"start":{"line":12,"column":2},"end":{"line":20,"column":3}},{"start":{},"end":{}}],"line":12},"1":{"loc":{"start":{"line":87,"column":4},"end":{"line":95,"column":5}},"type":"if","locations":[{"start":{"line":87,"column":4},"end":{"line":95,"column":5}},{"start":{},"end":{}}],"line":87},"2":{"loc":{"start":{"line":88,"column":6},"end":{"line":91,"column":31}},"type":"binary-expr","locations":[{"start":{"line":88,"column":6},"end":{"line":88,"column":23}},{"start":{"line":89,"column":6},"end":{"line":89,"column":20}},{"start":{"line":90,"column":6},"end":{"line":90,"column":23}},{"start":{"line":91,"column":6},"end":{"line":91,"column":31}}],"line":88},"3":{"loc":{"start":{"line":97,"column":4},"end":{"line":103,"column":5}},"type":"if","locations":[{"start":{"line":97,"column":4},"end":{"line":103,"column":5}},{"start":{},"end":{}}],"line":97},"4":{"loc":{"start":{"line":106,"column":4},"end":{"line":110,"column":5}},"type":"if","locations":[{"start":{"line":106,"column":4},"end":{"line":110,"column":5}},{"start":{},"end":{}}],"line":106},"5":{"loc":{"start":{"line":115,"column":4},"end":{"line":121,"column":5}},"type":"if","locations":[{"start":{"line":115,"column":4},"end":{"line":121,"column":5}},{"start":{},"end":{}}],"line":115},"6":{"loc":{"start":{"line":189,"column":2},"end":{"line":192,"column":3}},"type":"if","locations":[{"start":{"line":189,"column":2},"end":{"line":192,"column":3}},{"start":{},"end":{}}],"line":189},"7":{"loc":{"start":{"line":195,"column":2},"end":{"line":198,"column":3}},"type":"if","locations":[{"start":{"line":195,"column":2},"end":{"line":198,"column":3}},{"start":{},"end":{}}],"line":195}},"s":{"0":2,"1":2,"2":2,"3":2,"4":2,"5":2,"6":2,"7":3,"8":3,"9":3,"10":0,"11":0,"12":0,"13":0,"14":2,"15":0,"16":0,"17":2,"18":10,"19":10,"20":10,"21":10,"22":1,"23":1,"24":9,"25":1,"26":1,"27":8,"28":8,"29":2,"30":6,"31":6,"32":6,"33":6,"34":6,"35":0,"36":0,"37":2,"38":0,"39":0,"40":0,"41":0,"42":0,"43":0,"44":0,"45":2,"46":4,"47":4,"48":4,"49":1,"50":1,"51":3,"52":3,"53":1,"54":1,"55":2,"56":2,"57":2,"58":1,"59":1,"60":2},"f":{"0":3,"1":0,"2":0,"3":10,"4":0,"5":4,"6":1,"7":1},"b":{"0":[3,0],"1":[1,9],"2":[10,9,9,9],"3":[1,8],"4":[2,6],"5":[6,0],"6":[1,3],"7":[1,2]},"_coverageSchema":"1a1c01bbd47fc00a2c39e90264f33305004495a9","hash":"6af1b3d0400db091d2128772e1481bb6d3f048c1"}
,"C:\\Users\\peres\\OneDrive\\Documents\\GitHub\\LAMP\\routes\\users.js": {"path":"C:\\Users\\peres\\OneDrive\\Documents\\GitHub\\LAMP\\routes\\users.js","statementMap":{"0":{"start":{"line":1,"column":16},"end":{"line":1,"column":34}},"1":{"start":{"line":2,"column":15},"end":{"line":2,"column":31}},"2":{"start":{"line":3,"column":14},"end":{"line":3,"column":30}},"3":{"start":{"line":4,"column":13},"end":{"line":4,"column":38}},"4":{"start":{"line":8,"column":19},"end":{"line":19,"column":3}},"5":{"start":{"line":20,"column":2},"end":{"line":20,"column":36}},"6":{"start":{"line":24,"column":0},"end":{"line":52,"column":3}},"7":{"start":{"line":25,"column":2},"end":{"line":51,"column":3}},"8":{"start":{"line":26,"column":18},"end":{"line":26,"column":41}},"9":{"start":{"line":27,"column":21},"end":{"line":34,"column":5}},"10":{"start":{"line":36,"column":19},"end":{"line":39,"column":7}},"11":{"start":{"line":36,"column":62},"end":{"line":39,"column":5}},"12":{"start":{"line":41,"column":4},"end":{"line":44,"column":7}},"13":{"start":{"line":46,"column":4},"end":{"line":46,"column":57}},"14":{"start":{"line":47,"column":4},"end":{"line":50,"column":7}},"15":{"start":{"line":55,"column":0},"end":{"line":91,"column":3}},"16":{"start":{"line":56,"column":33},"end":{"line":56,"column":41}},"17":{"start":{"line":58,"column":2},"end":{"line":90,"column":3}},"18":{"start":{"line":59,"column":17},"end":{"line":59,"column":49}},"19":{"start":{"line":60,"column":4},"end":{"line":76,"column":5}},"20":{"start":{"line":61,"column":20},"end":{"line":61,"column":43}},"21":{"start":{"line":62,"column":23},"end":{"line":67,"column":7}},"22":{"start":{"line":68,"column":21},"end":{"line":71,"column":9}},"23":{"start":{"line":68,"column":64},"end":{"line":71,"column":7}},"24":{"start":{"line":72,"column":6},"end":{"line":75,"column":9}},"25":{"start":{"line":79,"column":4},"end":{"line":83,"column":6}},"26":{"start":{"line":86,"column":4},"end":{"line":86,"column":29}},"27":{"start":{"line":88,"column":4},"end":{"line":88,"column":47}},"28":{"start":{"line":89,"column":4},"end":{"line":89,"column":54}},"29":{"start":{"line":94,"column":0},"end":{"line":96,"column":3}},"30":{"start":{"line":95,"column":2},"end":{"line":95,"column":23}},"31":{"start":{"line":99,"column":0},"end":{"line":123,"column":3}},"32":{"start":{"line":100,"column":58},"end":{"line":100,"column":66}},"33":{"start":{"line":102,"column":2},"end":{"line":104,"column":3}},"34":{"start":{"line":103,"column":4},"end":{"line":103,"column":61}},"35":{"start":{"line":106,"column":2},"end":{"line":122,"column":3}},"36":{"start":{"line":108,"column":25},"end":{"line":108,"column":57}},"37":{"start":{"line":109,"column":4},"end":{"line":111,"column":5}},"38":{"start":{"line":110,"column":6},"end":{"line":110,"column":63}},"39":{"start":{"line":114,"column":20},"end":{"line":114,"column":59}},"40":{"start":{"line":115,"column":4},"end":{"line":115,"column":25}},"41":{"start":{"line":118,"column":4},"end":{"line":118,"column":33}},"42":{"start":{"line":120,"column":4},"end":{"line":120,"column":48}},"43":{"start":{"line":121,"column":4},"end":{"line":121,"column":51}},"44":{"start":{"line":126,"column":0},"end":{"line":136,"column":3}},"45":{"start":{"line":127,"column":2},"end":{"line":127,"column":61}},"46":{"start":{"line":127,"column":25},"end":{"line":127,"column":61}},"47":{"start":{"line":129,"column":2},"end":{"line":135,"column":3}},"48":{"start":{"line":130,"column":17},"end":{"line":130,"column":58}},"49":{"start":{"line":131,"column":4},"end":{"line":131,"column":36}},"50":{"start":{"line":133,"column":4},"end":{"line":133,"column":57}},"51":{"start":{"line":134,"column":4},"end":{"line":134,"column":50}},"52":{"start":{"line":138,"column":0},"end":{"line":138,"column":24}}},"fnMap":{"0":{"name":"getSpotifyToken","decl":{"start":{"line":7,"column":15},"end":{"line":7,"column":30}},"loc":{"start":{"line":7,"column":33},"end":{"line":21,"column":1}},"line":7},"1":{"name":"(anonymous_1)","decl":{"start":{"line":24,"column":21},"end":{"line":24,"column":22}},"loc":{"start":{"line":24,"column":41},"end":{"line":52,"column":1}},"line":24},"2":{"name":"(anonymous_2)","decl":{"start":{"line":36,"column":50},"end":{"line":36,"column":51}},"loc":{"start":{"line":36,"column":62},"end":{"line":39,"column":5}},"line":36},"3":{"name":"(anonymous_3)","decl":{"start":{"line":55,"column":22},"end":{"line":55,"column":23}},"loc":{"start":{"line":55,"column":42},"end":{"line":91,"column":1}},"line":55},"4":{"name":"(anonymous_4)","decl":{"start":{"line":68,"column":52},"end":{"line":68,"column":53}},"loc":{"start":{"line":68,"column":64},"end":{"line":71,"column":7}},"line":68},"5":{"name":"(anonymous_5)","decl":{"start":{"line":94,"column":22},"end":{"line":94,"column":23}},"loc":{"start":{"line":94,"column":36},"end":{"line":96,"column":1}},"line":94},"6":{"name":"(anonymous_6)","decl":{"start":{"line":99,"column":23},"end":{"line":99,"column":24}},"loc":{"start":{"line":99,"column":43},"end":{"line":123,"column":1}},"line":99},"7":{"name":"(anonymous_7)","decl":{"start":{"line":126,"column":23},"end":{"line":126,"column":24}},"loc":{"start":{"line":126,"column":43},"end":{"line":136,"column":1}},"line":126}},"branchMap":{"0":{"loc":{"start":{"line":60,"column":4},"end":{"line":76,"column":5}},"type":"if","locations":[{"start":{"line":60,"column":4},"end":{"line":76,"column":5}},{"start":{},"end":{}}],"line":60},"1":{"loc":{"start":{"line":60,"column":8},"end":{"line":60,"column":56}},"type":"binary-expr","locations":[{"start":{"line":60,"column":8},"end":{"line":60,"column":13}},{"start":{"line":60,"column":17},"end":{"line":60,"column":56}}],"line":60},"2":{"loc":{"start":{"line":102,"column":2},"end":{"line":104,"column":3}},"type":"if","locations":[{"start":{"line":102,"column":2},"end":{"line":104,"column":3}},{"start":{},"end":{}}],"line":102},"3":{"loc":{"start":{"line":109,"column":4},"end":{"line":111,"column":5}},"type":"if","locations":[{"start":{"line":109,"column":4},"end":{"line":111,"column":5}},{"start":{},"end":{}}],"line":109},"4":{"loc":{"start":{"line":127,"column":2},"end":{"line":127,"column":61}},"type":"if","locations":[{"start":{"line":127,"column":2},"end":{"line":127,"column":61}},{"start":{},"end":{}}],"line":127}},"s":{"0":2,"1":2,"2":2,"3":2,"4":0,"5":0,"6":2,"7":0,"8":0,"9":0,"10":0,"11":0,"12":0,"13":0,"14":0,"15":2,"16":0,"17":0,"18":0,"19":0,"20":0,"21":0,"22":0,"23":0,"24":0,"25":0,"26":0,"27":0,"28":0,"29":2,"30":0,"31":2,"32":0,"33":0,"34":0,"35":0,"36":0,"37":0,"38":0,"39":0,"40":0,"41":0,"42":0,"43":0,"44":2,"45":0,"46":0,"47":0,"48":0,"49":0,"50":0,"51":0,"52":2},"f":{"0":0,"1":0,"2":0,"3":0,"4":0,"5":0,"6":0,"7":0},"b":{"0":[0,0],"1":[0,0],"2":[0,0],"3":[0,0],"4":[0,0]},"_coverageSchema":"1a1c01bbd47fc00a2c39e90264f33305004495a9","hash":"50d8240882c9908ff4ab134016b14b1a1fa4f7be"}
,"C:\\Users\\peres\\OneDrive\\Documents\\GitHub\\LAMP\\utils\\spotify.js": {"path":"C:\\Users\\peres\\OneDrive\\Documents\\GitHub\\LAMP\\utils\\spotify.js","statementMap":{"0":{"start":{"line":2,"column":14},"end":{"line":2,"column":30}},"1":{"start":{"line":5,"column":2},"end":{"line":23,"column":3}},"2":{"start":{"line":6,"column":21},"end":{"line":18,"column":5}},"3":{"start":{"line":19,"column":4},"end":{"line":19,"column":38}},"4":{"start":{"line":21,"column":4},"end":{"line":21,"column":59}},"5":{"start":{"line":22,"column":4},"end":{"line":22,"column":16}},"6":{"start":{"line":26,"column":0},"end":{"line":26,"column":33}}},"fnMap":{"0":{"name":"getSpotifyToken","decl":{"start":{"line":4,"column":15},"end":{"line":4,"column":30}},"loc":{"start":{"line":4,"column":33},"end":{"line":24,"column":1}},"line":4}},"branchMap":{},"s":{"0":2,"1":0,"2":0,"3":0,"4":0,"5":0,"6":2},"f":{"0":0},"b":{},"_coverageSchema":"1a1c01bbd47fc00a2c39e90264f33305004495a9","hash":"6b34c0e8454e17ae6adae5b6dc23886f0da04511"}
}
