TN:
SF:app.js
FN:19,(anonymous_0)
FN:20,(anonymous_1)
FN:40,setupApp
FN:70,(anonymous_3)
FN:74,(anonymous_4)
FN:76,(anonymous_5)
FN:95,(anonymous_6)
FN:104,(anonymous_7)
FN:117,(anonymous_8)
FN:131,(anonymous_9)
FN:164,(anonymous_10)
FN:192,(anonymous_11)
FN:213,getSpotifyToken
FNF:13
FNH:2
FNDA:15,(anonymous_0)
FNDA:0,(anonymous_1)
FNDA:2,setupApp
FNDA:0,(anonymous_3)
FNDA:0,(anonymous_4)
FNDA:0,(anonymous_5)
FNDA:0,(anonymous_6)
FNDA:0,(anonymous_7)
FNDA:0,(anonymous_8)
FNDA:0,(anonymous_9)
FNDA:0,(anonymous_10)
FNDA:0,(anonymous_11)
FNDA:0,getSpotifyToken
DA:2,2
DA:3,2
DA:4,2
DA:5,2
DA:6,2
DA:7,2
DA:8,2
DA:9,2
DA:10,2
DA:12,2
DA:15,2
DA:16,2
DA:17,2
DA:18,2
DA:19,2
DA:20,15
DA:21,15
DA:25,2
DA:36,2
DA:37,2
DA:42,2
DA:46,2
DA:47,2
DA:49,2
DA:51,2
DA:52,2
DA:54,2
DA:65,2
DA:66,2
DA:67,2
DA:68,2
DA:70,2
DA:71,0
DA:74,2
DA:76,2
DA:77,0
DA:86,0
DA:95,0
DA:101,0
DA:104,2
DA:105,0
DA:106,0
DA:107,0
DA:108,0
DA:110,0
DA:117,0
DA:124,0
DA:125,0
DA:127,0
DA:131,2
DA:132,0
DA:133,0
DA:134,0
DA:136,0
DA:140,0
DA:141,0
DA:143,0
DA:146,0
DA:150,0
DA:152,0
DA:154,0
DA:156,0
DA:160,0
DA:164,2
DA:165,0
DA:166,0
DA:167,0
DA:168,0
DA:170,0
DA:175,0
DA:177,0
DA:178,0
DA:181,0
DA:187,0
DA:188,0
DA:192,2
DA:193,0
DA:194,0
DA:196,0
DA:197,0
DA:201,0
DA:203,0
DA:207,0
DA:214,0
DA:215,0
DA:228,0
DA:232,0
DA:234,0
DA:238,0
DA:242,2
LF:90
LH:39
BRDA:42,0,0,2
BRDA:42,0,1,0
BRDA:71,1,0,0
BRDA:71,1,1,0
BRDA:107,2,0,0
BRDA:107,2,1,0
BRDA:134,3,0,0
BRDA:134,3,1,0
BRDA:158,4,0,0
BRDA:158,4,1,0
BRDA:167,5,0,0
BRDA:167,5,1,0
BRDA:168,6,0,0
BRDA:168,6,1,0
BRDA:177,7,0,0
BRDA:177,7,1,0
BRDA:177,8,0,0
BRDA:177,8,1,0
BRDA:194,9,0,0
BRDA:194,9,1,0
BRDA:205,10,0,0
BRDA:205,10,1,0
BRDA:236,11,0,0
BRDA:236,11,1,0
BRF:24
BRH:1
end_of_record
TN:
SF:models\User.js
FN:11,(anonymous_0)
FN:18,(anonymous_1)
FNF:2
FNH:1
FNDA:7,(anonymous_0)
FNDA:0,(anonymous_1)
DA:1,3
DA:2,3
DA:4,3
DA:11,3
DA:12,7
DA:13,7
DA:14,7
DA:18,3
DA:19,0
DA:22,3
DA:23,3
LF:11
LH:10
BRDA:12,0,0,0
BRDA:12,0,1,7
BRF:2
BRH:1
end_of_record
TN:
SF:routes\auth.js
FN:11,getAlbumBackground
FN:29,(anonymous_1)
FN:37,(anonymous_2)
FN:42,(anonymous_3)
FN:94,(anonymous_4)
FN:111,(anonymous_5)
FN:136,(anonymous_6)
FN:137,(anonymous_7)
FNF:8
FNH:5
FNDA:3,getAlbumBackground
FNDA:0,(anonymous_1)
FNDA:0,(anonymous_2)
FNDA:10,(anonymous_3)
FNDA:0,(anonymous_4)
FNDA:4,(anonymous_5)
FNDA:1,(anonymous_6)
FNDA:1,(anonymous_7)
DA:1,2
DA:2,2
DA:3,2
DA:4,2
DA:5,2
DA:6,2
DA:7,2
DA:12,3
DA:13,3
DA:14,3
DA:22,0
DA:23,0
DA:29,0
DA:37,2
DA:38,0
DA:39,0
DA:42,2
DA:43,10
DA:44,10
DA:45,10
DA:47,10
DA:53,1
DA:54,1
DA:57,9
DA:58,1
DA:59,1
DA:65,8
DA:66,8
DA:67,2
DA:72,6
DA:73,6
DA:75,6
DA:76,6
DA:83,6
DA:85,0
DA:86,0
DA:94,2
DA:95,0
DA:96,0
DA:97,0
DA:103,0
DA:104,0
DA:106,0
DA:107,0
DA:111,2
DA:112,4
DA:114,4
DA:115,4
DA:116,1
DA:117,1
DA:120,3
DA:121,3
DA:122,1
DA:123,1
DA:126,2
DA:131,2
DA:136,2
DA:137,1
DA:138,1
DA:142,2
LF:60
LH:46
BRDA:12,0,0,3
BRDA:12,0,1,0
BRDA:47,1,0,1
BRDA:47,1,1,9
BRDA:48,2,0,10
BRDA:48,2,1,9
BRDA:48,2,2,9
BRDA:48,2,3,9
BRDA:57,3,0,1
BRDA:57,3,1,8
BRDA:66,4,0,2
BRDA:66,4,1,6
BRDA:75,5,0,6
BRDA:75,5,1,0
BRDA:115,6,0,1
BRDA:115,6,1,3
BRDA:121,7,0,1
BRDA:121,7,1,2
BRF:18
BRH:16
end_of_record
TN:
SF:routes\users.js
FN:7,getSpotifyToken
FN:24,(anonymous_1)
FN:36,(anonymous_2)
FN:56,(anonymous_3)
FN:69,(anonymous_4)
FN:95,(anonymous_5)
FN:100,(anonymous_6)
FN:127,(anonymous_7)
FNF:8
FNH:0
FNDA:0,getSpotifyToken
FNDA:0,(anonymous_1)
FNDA:0,(anonymous_2)
FNDA:0,(anonymous_3)
FNDA:0,(anonymous_4)
FNDA:0,(anonymous_5)
FNDA:0,(anonymous_6)
FNDA:0,(anonymous_7)
DA:1,2
DA:2,2
DA:3,2
DA:4,2
DA:8,0
DA:20,0
DA:24,2
DA:25,0
DA:26,0
DA:27,0
DA:36,0
DA:41,0
DA:46,0
DA:47,0
DA:56,2
DA:57,0
DA:59,0
DA:60,0
DA:61,0
DA:62,0
DA:63,0
DA:69,0
DA:73,0
DA:80,0
DA:87,0
DA:89,0
DA:90,0
DA:95,2
DA:96,0
DA:100,2
DA:101,0
DA:103,0
DA:104,0
DA:107,0
DA:109,0
DA:110,0
DA:111,0
DA:115,0
DA:116,0
DA:119,0
DA:121,0
DA:122,0
DA:127,2
DA:128,0
DA:130,0
DA:131,0
DA:132,0
DA:134,0
DA:135,0
DA:139,2
LF:50
LH:10
BRDA:61,0,0,0
BRDA:61,0,1,0
BRDA:61,1,0,0
BRDA:61,1,1,0
BRDA:103,2,0,0
BRDA:103,2,1,0
BRDA:110,3,0,0
BRDA:110,3,1,0
BRDA:128,4,0,0
BRDA:128,4,1,0
BRF:10
BRH:0
end_of_record
TN:
SF:utils\spotify.js
FN:4,getSpotifyToken
FNF:1
FNH:0
FNDA:0,getSpotifyToken
DA:2,2
DA:5,0
DA:6,0
DA:19,0
DA:21,0
DA:22,0
DA:26,2
LF:7
LH:2
BRF:0
BRH:0
end_of_record
